  main.cpp
main.obj : error LNK2019: 无法解析的外部符号 "public: __thiscall sf::String::String(char const *,class std::locale const &)" (??0String@sf@@QAE@PBDABVlocale@std@@@Z)，函数 _main 中引用了该符号
main.obj : error LNK2019: 无法解析的外部符号 "public: __thiscall sf::VideoMode::VideoMode(unsigned int,unsigned int,unsigned int)" (??0VideoMode@sf@@QAE@III@Z)，函数 _main 中引用了该符号
main.obj : error LNK2019: 无法解析的外部符号 "public: void __thiscall sf::Window::close(void)" (?close@Window@sf@@QAEXXZ)，函数 _main 中引用了该符号
main.obj : error LNK2019: 无法解析的外部符号 "public: bool __thiscall sf::Window::isOpen(void)const " (?isOpen@Window@sf@@QBE_NXZ)，函数 _main 中引用了该符号
main.obj : error LNK2019: 无法解析的外部符号 "public: bool __thiscall sf::Window::pollEvent(class sf::Event &)" (?pollEvent@Window@sf@@QAE_NAAVEvent@2@@Z)，函数 _main 中引用了该符号
main.obj : error LNK2019: 无法解析的外部符号 "public: void __thiscall sf::Window::display(void)" (?display@Window@sf@@QAEXXZ)，函数 _main 中引用了该符号
main.obj : error LNK2019: 无法解析的外部符号 "public: __thiscall sf::Color::Color(unsigned char,unsigned char,unsigned char,unsigned char)" (??0Color@sf@@QAE@EEEE@Z)，函数 _main 中引用了该符号
main.obj : error LNK2019: 无法解析的外部符号 "public: virtual __thiscall sf::Shape::~Shape(void)" (??1Shape@sf@@UAE@XZ)，函数 "public: virtual __thiscall sf::CircleShape::~CircleShape(void)" (??1CircleShape@sf@@UAE@XZ) 中引用了该符号
main.obj : error LNK2019: 无法解析的外部符号 "public: void __thiscall sf::Shape::setFillColor(class sf::Color const &)" (?setFillColor@Shape@sf@@QAEXABVColor@2@@Z)，函数 _main 中引用了该符号
main.obj : error LNK2019: 无法解析的外部符号 "public: __thiscall sf::CircleShape::CircleShape(float,unsigned int)" (??0CircleShape@sf@@QAE@MI@Z)，函数 _main 中引用了该符号
main.obj : error LNK2019: 无法解析的外部符号 "public: void __thiscall sf::RenderTarget::clear(class sf::Color const &)" (?clear@RenderTarget@sf@@QAEXABVColor@2@@Z)，函数 _main 中引用了该符号
main.obj : error LNK2019: 无法解析的外部符号 "public: void __thiscall sf::RenderTarget::draw(class sf::Drawable const &,class sf::RenderStates const &)" (?draw@RenderTarget@sf@@QAEXABVDrawable@2@ABVRenderStates@2@@Z)，函数 _main 中引用了该符号
main.obj : error LNK2019: 无法解析的外部符号 "public: __thiscall sf::RenderWindow::RenderWindow(class sf::VideoMode,class sf::String const &,unsigned int,struct sf::ContextSettings const &)" (??0RenderWindow@sf@@QAE@VVideoMode@1@ABVString@1@IABUContextSettings@1@@Z)，函数 _main 中引用了该符号
main.obj : error LNK2019: 无法解析的外部符号 "public: virtual __thiscall sf::RenderWindow::~RenderWindow(void)" (??1RenderWindow@sf@@UAE@XZ)，函数 _main 中引用了该符号
main.obj : error LNK2001: 无法解析的外部符号 "public: static class sf::RenderStates const sf::RenderStates::Default" (?Default@RenderStates@sf@@2V12@B)
main.obj : error LNK2001: 无法解析的外部符号 "public: static class sf::Color const sf::Color::Green" (?Green@Color@sf@@2V12@B)
F:\codes\Snake\Snake\SFML\lib\sfml-graphics-d.lib : warning LNK4272: 库计算机类型“x64”与目标计算机类型“x86”冲突
F:\codes\Snake\Snake\SFML\lib\sfml-window-d.lib : warning LNK4272: 库计算机类型“x64”与目标计算机类型“x86”冲突
F:\codes\Snake\Snake\SFML\lib\sfml-system-d.lib : warning LNK4272: 库计算机类型“x64”与目标计算机类型“x86”冲突
F:\codes\Snake\Snake\Debug\Snake.exe : fatal error LNK1120: 16 个无法解析的外部命令
